"../../../Engine/Content/EditorBlueprintResources/StandardMacros.uasset" 0
"D:/Git/Respository/GroupProjectSpring2020/Content/Spells/Material/red.uasset" 1
"D:/Git/Respository/GroupProjectSpring2020/Content/Spells/Mesh/Laser.uasset" 2
"D:/Git/Respository/GroupProjectSpring2020/Content/Spells/Blueprint/Fireball_BP.uasset" 3
"D:/Git/Respository/GroupProjectSpring2020/Content/Spells/Blueprint/FireballLv2_BP.uasset" 4
"D:/Git/Respository/GroupProjectSpring2020/Content/Maps/LevelMaterials/Ground.uasset" 5
"D:/Git/Respository/GroupProjectSpring2020/Content/Spells/Blueprint/MyEarthBlast.uasset" 6
"D:/Git/Respository/GroupProjectSpring2020/Content/Spells/Material/blue.uasset" 7
"D:/Git/Respository/GroupProjectSpring2020/Content/Spells/Blueprint/WaterWave_BP.uasset" 8
"D:/Git/Respository/GroupProjectSpring2020/Content/Spells/Blueprint/WaterWaveLv2_BP.uasset" 9
"D:/Git/Respository/GroupProjectSpring2020/Content/MainCharacter/Mesh/Placeholder/MikeAlger_Texture.uasset" 10
"D:/Git/Respository/GroupProjectSpring2020/Content/MainCharacter/Mesh/Placeholder/MikeAlger_Material.uasset" 11
"D:/Git/Respository/GroupProjectSpring2020/Content/MainCharacter/Mesh/Placeholder/MikeAlger_Material_1.uasset" 12
"D:/Git/Respository/GroupProjectSpring2020/Content/MainCharacter/Mesh/Placeholder/MikeAlger_Material_2.uasset" 13
"D:/Git/Respository/GroupProjectSpring2020/Content/MainCharacter/Mesh/Placeholder/MikeAlger_Material_3.uasset" 14
"D:/Git/Respository/GroupProjectSpring2020/Content/MainCharacter/Mesh/Placeholder/MikeAlger_Material_4.uasset" 15
"D:/Git/Respository/GroupProjectSpring2020/Content/MainCharacter/Mesh/Placeholder/MikeAlger_Material_5.uasset" 16
"D:/Git/Respository/GroupProjectSpring2020/Content/MainCharacter/Mesh/Placeholder/MikeAlger_Material_6.uasset" 17
"D:/Git/Respository/GroupProjectSpring2020/Content/MainCharacter/Mesh/Placeholder/MikeAlger_PhysicsAsset.uasset" 18
"D:/Git/Respository/GroupProjectSpring2020/Content/MainCharacter/Mesh/Placeholder/MikeAlger_Skeleton.uasset" 19
"D:/Git/Respository/GroupProjectSpring2020/Content/MainCharacter/Mesh/Placeholder/MikeAlger.uasset" 20
"D:/Git/Respository/GroupProjectSpring2020/Content/Spells/SoundEffects/105016__julien-matthey__jm-fx-fireball-01.uasset" 21
"D:/Git/Respository/GroupProjectSpring2020/Content/Spells/SoundEffects/105016__julien-matthey__jm-fx-fireball-01_Cue.uasset" 22
"D:/Git/Respository/GroupProjectSpring2020/Content/Spells/SoundEffects/4239__goldy-sama__bulle.uasset" 23
"D:/Git/Respository/GroupProjectSpring2020/Content/Spells/SoundEffects/4239__goldy-sama__bulle_Cue.uasset" 24
"D:/Git/Respository/GroupProjectSpring2020/Content/MainCharacter/Blueprint/MainCharacter_BP.uasset" 25
"D:/Git/Respository/GroupProjectSpring2020/Content/HUD/Materials/1562342.uasset" 26
"D:/Git/Respository/GroupProjectSpring2020/Content/HUD/Materials/2098272.uasset" 27
"D:/Git/Respository/GroupProjectSpring2020/Content/HUD/Materials/340673.uasset" 28
"D:/Git/Respository/GroupProjectSpring2020/Content/HUD/Materials/n932419.uasset" 29
"D:/Git/Respository/GroupProjectSpring2020/Content/HUD/Materials/rTjRAR56c.uasset" 30
"D:/Git/Respository/GroupProjectSpring2020/Content/HUD/HUDOverlay.uasset" 31
"D:/Git/Respository/GroupProjectSpring2020/Content/HUD/TalentTree.uasset" 32
"D:/Git/Respository/GroupProjectSpring2020/Content/Blueprints/PlayerController_BP.uasset" 33
"D:/Git/Respository/GroupProjectSpring2020/Content/Blueprints/GameMode_BP.uasset" 34
"D:/Git/Respository/GroupProjectSpring2020/Content/Enemy/InfinityBladeAdversaries/Enemy/Enemy_Greater_Spider_Boss/Materials/CharM_Greater_Spider_BossFire.uasset" 35
"D:/Git/Respository/GroupProjectSpring2020/Content/Enemy/InfinityBladeAdversaries/Enemy/Enemy_Greater_Spider_Boss/Textures/T_Enemy_SpiderBoss_E.uasset" 36
"D:/Git/Respository/GroupProjectSpring2020/Content/Enemy/InfinityBladeAdversaries/Enemy/Enemy_Greater_Spider_Boss/Textures/T_Enemy_SpiderBoss_Fire_D.uasset" 37
"D:/Git/Respository/GroupProjectSpring2020/Content/Enemy/InfinityBladeAdversaries/Enemy/Enemy_Greater_Spider_Boss/Textures/T_Enemy_SpiderBoss_Fire_M.uasset" 38
"D:/Git/Respository/GroupProjectSpring2020/Content/Enemy/InfinityBladeAdversaries/Enemy/Enemy_Greater_Spider_Boss/Textures/T_Enemy_SpiderBoss_Fire_N.uasset" 39
"D:/Git/Respository/GroupProjectSpring2020/Content/MainCharacter/Blueprint/GameMode_BP.uasset" 40
"../../../Engine/Content/MobileResources/HUD/AnalogHat.uasset" 41
"D:/Git/Respository/GroupProjectSpring2020/Content/Materials/M_Cursor_Decal.uasset" 42
"../../../Engine/Content/Animation/DefaultAnimCurveCompressionSettings.uasset" 43
"../../../Engine/Content/Functions/Engine_MaterialFunctions01/Opacity/CameraDepthFade.uasset" 44
"../../../Engine/Content/EngineMaterials/T_Default_Material_Grid_M.uasset" 45
"../../../Engine/Content/EngineMaterials/T_Default_Material_Grid_N.uasset" 46
"../../../Engine/Content/EngineMaterials/WorldGridMaterial.uasset" 47
"../../../Engine/Content/ArtTools/RenderToTexture/Meshes/S_1_Unit_Plane.uasset" 48
"../../../Engine/Content/EngineMaterials/DefaultMaterial.uasset" 49
"../../../Engine/Content/BasicShapes/Cone.uasset" 50
"../../../Engine/Content/BasicShapes/Cylinder.uasset" 51
"../../../Engine/Content/BasicShapes/Plane.uasset" 52
"../../../Engine/Content/BasicShapes/Sphere.uasset" 53
"../../../Engine/Content/EditorLandscapeResources/DataLayer.uasset" 54
"../../../Engine/Content/EditorMaterials/MAT_Groups_Toggle.uasset" 55
"../../../Engine/Content/EditorMaterials/MAT_Groups_Visibility.uasset" 56
"../../../Engine/Content/EditorMaterials/PreviewShadowIndicator.uasset" 57
"../../../Engine/Content/EditorMaterials/PreviewShadowIndicatorMaterial.uasset" 58
"../../../Engine/Content/EditorMaterials/MatineeGroups/MAT_ColorTrack.uasset" 59
"../../../Engine/Content/EditorMaterials/MatineeGroups/MAT_Groups_Anim.uasset" 60
"../../../Engine/Content/EditorMaterials/MatineeGroups/MAT_Groups_AudioMaster.uasset" 61
"../../../Engine/Content/EditorMaterials/MatineeGroups/MAT_Groups_Director.uasset" 62
"../../../Engine/Content/EditorMaterials/MatineeGroups/MAT_Groups_Event.uasset" 63
"../../../Engine/Content/EditorMaterials/MatineeGroups/MAT_Groups_Fade.uasset" 64
"../../../Engine/Content/EditorMaterials/MatineeGroups/MAT_Groups_Float.uasset" 65
"../../../Engine/Content/EditorMaterials/MatineeGroups/MAT_Groups_Move.uasset" 66
"../../../Engine/Content/EditorMaterials/MatineeGroups/MAT_Groups_Slomo.uasset" 67
"../../../Engine/Content/EditorMaterials/MatineeGroups/MAT_Groups_Sound.uasset" 68
"../../../Engine/Content/EditorMaterials/MatineeGroups/MAT_Groups_Vector.uasset" 69
"../../../Engine/Content/EditorMaterials/ParticleSystems/PSysThumbnail_NoImage.uasset" 70
"../../../Engine/Content/EditorMaterials/ParticleSystems/PSysThumbnail_OOD.uasset" 71
"../../../Engine/Content/EditorMaterials/Camera/CineMat.uasset" 72
"../../../Engine/Content/EditorMaterials/Camera/MI_CineMat_Rig.uasset" 73
"../../../Engine/Content/EditorMeshes/Camera/SM_CraneRig_Arm.uasset" 74
"../../../Engine/Content/EditorMeshes/Camera/SM_CraneRig_Base.uasset" 75
"../../../Engine/Content/EditorMeshes/Camera/SM_CraneRig_Body.uasset" 76
"../../../Engine/Content/EditorMeshes/Camera/SM_CraneRig_Mount.uasset" 77
"../../../Engine/Content/EditorMeshes/Camera/SM_RailRig_Mount.uasset" 78
"../../../Engine/Content/EditorMeshes/Camera/SM_RailRig_Track.uasset" 79
"../../../Engine/Content/EditorResources/BSPVertex.uasset" 80
"../../../Engine/Content/EditorResources/EmptyActor.uasset" 81
"../../../Engine/Content/EditorResources/S_Actor.uasset" 82
"../../../Engine/Content/EditorResources/S_Note.uasset" 83
"../../../Engine/Content/EditorResources/S_Solver.uasset" 84
"../../../Engine/Content/EditorResources/S_Trigger.uasset" 85
"../../../Engine/Content/EditorResources/LightIcons/S_LightError.uasset" 86
"../../../Engine/Content/EditorResources/SequenceRecorder/Countdown.uasset" 87
"../../../Engine/Content/EditorResources/SequenceRecorder/RecordingIndicator.uasset" 88
"../../../Engine/Content/EditorSounds/Notifications/CompileFailed.uasset" 89
"../../../Engine/Content/EditorSounds/Notifications/CompileFailed_Cue.uasset" 90
"../../../Engine/Content/EditorSounds/Notifications/CompileSuccess.uasset" 91
"../../../Engine/Content/EditorSounds/Notifications/CompileStart_Cue.uasset" 92
"../../../Engine/Content/EditorSounds/Notifications/CompileSuccess_Cue.uasset" 93
"../../../Engine/Content/EngineDamageTypes/DmgTypeBP_Environmental.uasset" 94
"../../../Engine/Content/EngineDebugMaterials/DebugEditorMaterial.uasset" 95
"../../../Engine/Content/EngineDebugMaterials/DebugMeshMaterial.uasset" 96
"../../../Engine/Content/EngineDebugMaterials/M_SimpleTranslucent.uasset" 97
"../../../Engine/Content/Functions/Engine_MaterialFunctions02/Utility/CameraDirectionVector.uasset" 98
"../../../Engine/Content/EngineDebugMaterials/VolumeToRender.uasset" 99
"../../../Engine/Content/EngineDebugMaterials/M_VolumeRenderSphereTracePP.uasset" 100
"../../../Engine/Content/EngineDebugMaterials/WireframeMaterial.uasset" 101
"../../../Engine/Content/EngineFonts/Faces/DroidSansFallback.uasset" 102
"../../../Engine/Content/EngineFonts/Faces/RobotoBold.uasset" 103
"../../../Engine/Content/EngineFonts/Faces/RobotoBoldItalic.uasset" 104
"../../../Engine/Content/EngineFonts/Faces/RobotoItalic.uasset" 105
"../../../Engine/Content/EngineFonts/Faces/RobotoLight.uasset" 106
"../../../Engine/Content/EngineFonts/Faces/RobotoRegular.uasset" 107
"../../../Engine/Content/EngineFonts/Roboto.uasset" 108
"../../../Engine/Content/EngineMaterials/BaseFlattenDiffuseMap.uasset" 109
"../../../Engine/Content/EngineMaterials/BaseFlattenEmissiveMap.uasset" 110
"../../../Engine/Content/EngineMaterials/BaseFlattenGrayscaleMap.uasset" 111
"../../../Engine/Content/EngineMaterials/BaseFlattenNormalMap.uasset" 112
"../../../Engine/Content/EngineMaterials/BaseFlattenMaterial.uasset" 113
"../../../Engine/Content/EngineMaterials/BlueNoise.uasset" 114
"../../../Engine/Content/EngineMaterials/DefaultBloomKernel.uasset" 115
"../../../Engine/Content/EngineMaterials/DefaultBokeh.uasset" 116
"../../../Engine/Content/EngineMaterials/DefaultDiffuse.uasset" 117
"../../../Engine/Content/EngineMaterials/DefaultDeferredDecalMaterial.uasset" 118
"../../../Engine/Content/EngineMaterials/DefaultLightFunctionMaterial.uasset" 119
"../../../Engine/Content/EngineMaterials/DefaultPhysicalMaterial.uasset" 120
"../../../Engine/Content/Functions/Engine_MaterialFunctions02/Utility/BreakOutFloat2Components.uasset" 121
"../../../Engine/Content/EngineMaterials/DefaultPostProcessMaterial.uasset" 122
"../../../Engine/Content/EngineFonts/RobotoDistanceField.uasset" 123
"../../../Engine/Content/EngineMaterials/DefaultTextMaterialOpaque.uasset" 124
"../../../Engine/Content/EngineMaterials/DefaultVirtualTextureMaterial.uasset" 125
"../../../Engine/Content/EngineMaterials/DefaultWhiteGrid.uasset" 126
"../../../Engine/Content/EngineMaterials/DefaultWhiteGrid_Low.uasset" 127
"../../../Engine/Content/EngineMaterials/EmissiveMeshMaterial.uasset" 128
"../../../Engine/Content/EngineMaterials/GizmoMaterial.uasset" 129
"../../../Engine/Content/EngineMaterials/Good64x64TilingNoiseHighFreq.uasset" 130
"../../../Engine/Content/EngineMaterials/HairDefaultMaterial.uasset" 131
"../../../Engine/Content/EngineMaterials/MiniFont.uasset" 132
"../../../Engine/Content/EngineMaterials/InvalidLightmapSettings.uasset" 133
"../../../Engine/Content/EngineMaterials/M_InvalidLightmapSettings.uasset" 134
"../../../Engine/Content/Functions/Engine_MaterialFunctions02/WorldPositionOffset/CameraOffset.uasset" 135
"../../../Engine/Content/EngineMaterials/PhAT_JointLimitMaterial.uasset" 136
"../../../Engine/Content/EngineMaterials/PreintegratedSkinBRDF.uasset" 137
"../../../Engine/Content/EngineMaterials/RemoveSurfaceMaterial.uasset" 138
"../../../Engine/Content/EngineMaterials/WeightMapPlaceholderTexture.uasset" 139
"../../../Engine/Content/EngineResources/WhiteSquareTexture.uasset" 140
"../../../Engine/Content/EngineMaterials/Widget3DPassThrough.uasset" 141
"../../../Engine/Content/EngineMaterials/Widget3DPassThrough_Masked.uasset" 142
"../../../Engine/Content/EngineMaterials/Widget3DPassThrough_Opaque.uasset" 143
"../../../Engine/Content/EngineMaterials/Widget3DPassThrough_Masked_OneSided.uasset" 144
"../../../Engine/Content/EngineMaterials/Widget3DPassThrough_Opaque_OneSided.uasset" 145
"../../../Engine/Content/EngineMaterials/Widget3DPassThrough_Translucent.uasset" 146
"../../../Engine/Content/EngineMaterials/Widget3DPassThrough_Translucent_OneSided.uasset" 147
"../../../Engine/Content/EngineMeshes/Cylinder.uasset" 148
"../../../Engine/Content/EngineMeshes/Sphere.uasset" 149
"../../../Engine/Content/EngineResources/Black.uasset" 150
"../../../Engine/Content/EngineResources/DefaultTexture.uasset" 151
"../../../Engine/Content/EngineResources/DefaultTextureCube.uasset" 152
"../../../Engine/Content/EngineResources/DefaultVolumeTexture2D.uasset" 153
"../../../Engine/Content/EngineResources/DefaultVolumeTexture.uasset" 154
"../../../Engine/Content/EngineResources/GradientTexture0.uasset" 155
"../../../Engine/Content/EngineSounds/Master.uasset" 156
"../../../Engine/Content/Functions/Engine_MaterialFunctions01/Shading/ConvertFromDiffSpec.uasset" 157
"../../../Engine/Content/Functions/Engine_MaterialFunctions01/Shading/PowerToRoughness.uasset" 158
"../../../Engine/Content/Maps/Templates/Thumbnails/Default.uasset" 159
"../../../Engine/Content/Maps/Templates/Thumbnails/TimeOfDay.uasset" 160
"../../../Engine/Content/Maps/Templates/Thumbnails/VR-Basic.uasset" 161
"../../../Engine/Content/MobileResources/T_MobileControls_texture.uasset" 162
"../../../Engine/Content/MobileResources/T_MobileMenu2.uasset" 163
"../../../Engine/Content/MobileResources/HUD/VirtualJoystick_Background.uasset" 164
"../../../Engine/Content/MobileResources/HUD/VirtualJoystick_Thumb.uasset" 165
"../../../Engine/Content/MobileResources/HUD/DefaultVirtualJoysticks.uasset" 166
"../../../Engine/Content/MobileResources/HUD/LeftVirtualJoystickOnly.uasset" 167
"../../../Engine/Content/MobileResources/HUD/MobileHUDButton1_off.uasset" 168
"../../../Engine/Content/MobileResources/HUD/MobileHUDButton1_on.uasset" 169
"../../../Engine/Content/MobileResources/HUD/MobileHUDButton2_off.uasset" 170
"../../../Engine/Content/MobileResources/HUD/MobileHUDButton2_on.uasset" 171
"../../../Engine/Content/MobileResources/HUD/MobileHUDButton3.uasset" 172
"../../../Engine/Content/MobileResources/HUD/MobileHUDButtonFire.uasset" 173
"../../../Engine/Content/MobileResources/HUD/MobileHUDDirectionPad.uasset" 174
"../../../Engine/Content/MobileResources/HUD/MobileHUDDirectionPad2.uasset" 175
"../../../Engine/Content/MobileResources/HUD/MobileHUDDirectionPad3.uasset" 176
"../../../Engine/Content/MobileResources/HUD/MobileHUDDirectionStick.uasset" 177
"../../../Engine/Content/MobileResources/HUD/T_Castle_ThumbstickInner.uasset" 178
"../../../Engine/Content/MobileResources/HUD/T_Castle_ThumbstickOutter.uasset" 179
"../../../Engine/Content/Tutorial/ContentIntroCurve.uasset" 180
"../../../Engine/Content/Tutorial/Basics/LevelEditorAttract.uasset" 181
"../../../Engine/Content/VREditor/LaserPointer/VR_LaserPower_01.uasset" 182
"../../../Engine/Content/VREditor/TransformGizmo/TransformGizmoMaterial.uasset" 183
"../../../Engine/Content/VREditor/TransformGizmo/TranslucentTransformGizmoMaterial.uasset" 184
"../../../Engine/Content/VREditor/TransformGizmo/BoundingBoxCorner.uasset" 185
"../../../Engine/Content/VREditor/TransformGizmo/BoundingBoxEdge.uasset" 186
"../../../Engine/Content/VREditor/TransformGizmo/PlaneTranslationHandle.uasset" 187
"../../../Engine/Content/VREditor/TransformGizmo/Main.uasset" 188
"../../../Engine/Content/VREditor/TransformGizmo/Xray.uasset" 189
"../../../Engine/Content/VREditor/TransformGizmo/SM_Sequencer_Key.uasset" 190
"../../../Engine/Content/VREditor/TransformGizmo/SM_Sequencer_Node.uasset" 191
"../../Plugins/2D/Paper2D/Content/PlaceholderTextures/DummySpriteTexture.uasset" 192
"../../Plugins/2D/Paper2D/Content/DummySprite.uasset" 193
"../../Plugins/2D/Paper2D/Content/DefaultPaperTerrainMaterial.uasset" 194
"../../Plugins/2D/Paper2D/Content/DummySpriteTexture.uasset" 195
"../../Plugins/2D/Paper2D/Content/DefaultSpriteMaterial.uasset" 196
"../../Plugins/2D/Paper2D/Content/MaskedUnlitSpriteMaterial.uasset" 197
"../../Plugins/2D/Paper2D/Content/OpaqueUnlitSpriteMaterial.uasset" 198
"../../../Engine/Content/Functions/Engine_MaterialFunctions02/Utility/BreakOutFloat4Components.uasset" 199
"../../../Engine/Content/Functions/Engine_MaterialFunctions02/Utility/MakeFloat2.uasset" 200
"../../../Engine/Content/Functions/Engine_MaterialFunctions02/Utility/MakeFloat3.uasset" 201
"../../Plugins/Runtime/Oculus/OculusVR/Content/Materials/OculusMR_ChromaKey.uasset" 202
"../../Plugins/Runtime/Oculus/OculusVR/Content/Materials/OculusMR_ChromaKey_Lit.uasset" 203
"../../Plugins/Runtime/Oculus/OculusVR/Content/Materials/OculusMR_OpaqueColoredMaterial.uasset" 204
"../../Plugins/Runtime/Oculus/OculusVR/Content/Materials/OculusMR_WhiteMaterial.uasset" 205
"D:/Git/Respository/GroupProjectSpring2020/Content/Maps/PMsTestingLevel_BuiltData.uasset" 206
"../../../Engine/Content/BasicShapes/BasicShapeMaterial.uasset" 207
"../../../Engine/Content/BasicShapes/Cube.uasset" 208
"D:/Git/Respository/GroupProjectSpring2020/Content/Maps/PMsTestingLevel.umap" 209
"../../../Engine/Content/EngineSky/C_Sky_Cloud_Color.uasset" 210
"../../../Engine/Content/EngineSky/C_Sky_Horizon_Color.uasset" 211
"../../../Engine/Content/EngineSky/C_Sky_Zenith_Color.uasset" 212
"../../../Engine/Content/EngineSky/T_Sky_Blue.uasset" 213
"../../../Engine/Content/EngineSky/T_Sky_Clouds_M.uasset" 214
"../../../Engine/Content/EngineSky/T_Sky_Stars.uasset" 215
"../../../Engine/Content/EngineSky/M_Sky_Panning_Clouds2.uasset" 216
"../../../Engine/Content/EngineSky/SM_SkySphere.uasset" 217
"../../../Engine/Content/EngineSky/BP_Sky_Sphere.uasset" 218
"D:/Git/Respository/GroupProjectSpring2020/Content/Enemy/InfinityBladeAdversaries/Enemy/Enemy_Greater_Spider_Boss/SK_Greater_Spider_Boss_Cine_Skeleton.uasset" 219
"D:/Git/Respository/GroupProjectSpring2020/Content/Enemy/InfinityBladeAdversaries/Enemy/Enemy_Greater_Spider_Boss/SK_Greater_Spider_Boss_Cine.uasset" 220
"D:/Git/Respository/GroupProjectSpring2020/Content/Blueprints/Enemy/Enemy_BP.uasset" 221
"D:/Git/Respository/GroupProjectSpring2020/Content/Blueprints/Enemy/EnemySpawner_BP.uasset" 222
"D:/Git/Respository/GroupProjectSpring2020/Content/Maps/StartLevel_BuiltData.uasset" 223
"../../../Engine/Content/MapTemplates/SM_Template_Map_Floor.uasset" 224
"D:/Git/Respository/GroupProjectSpring2020/Content/Maps/StartLevel.umap" 225
"../../../Engine/Content/Maps/Entry_BuiltData.uasset" 226
"../../../Engine/Content/Maps/Entry.umap" 227
